platforms/android/build/outputs/logs/manifest-merger-armv7-release-report.txt
-- Merging decision tree log ---
manifest
ADDED from platforms\android\AndroidManifest.xml:2:1-61:12
	package
		ADDED from platforms\android\AndroidManifest.xml:2:102-146
		INJECTED from platforms\android\AndroidManifest.xml
		INJECTED from platforms\android\AndroidManifest.xml
	android:versionName
		ADDED from platforms\android\AndroidManifest.xml:2:74-101
		INJECTED from platforms\android\AndroidManifest.xml
		INJECTED from platforms\android\AndroidManifest.xml
	android:hardwareAccelerated
		ADDED from platforms\android\AndroidManifest.xml:2:11-45
	android:versionCode
		ADDED from platforms\android\AndroidManifest.xml:2:46-73
		INJECTED from platforms\android\AndroidManifest.xml
		INJECTED from platforms\android\AndroidManifest.xml
	xmlns:android
		ADDED from platforms\android\AndroidManifest.xml:2:147-205
supports-screens
ADDED from platforms\android\AndroidManifest.xml:3:5-191
	android:largeScreens
		ADDED from platforms\android\AndroidManifest.xml:3:49-76
	android:smallScreens
		ADDED from platforms\android\AndroidManifest.xml:3:132-159
	android:normalScreens
		ADDED from platforms\android\AndroidManifest.xml:3:77-105
	android:xlargeScreens
		ADDED from platforms\android\AndroidManifest.xml:3:160-188
	android:resizeable
		ADDED from platforms\android\AndroidManifest.xml:3:106-131
	android:anyDensity
		ADDED from platforms\android\AndroidManifest.xml:3:23-48
uses-permission#android.permission.INTERNET
ADDED from platforms\android\AndroidManifest.xml:4:5-67
MERGED from [com.google.android.gms:play-services-gcm:10.2.4] AndroidManifest.xml:21:5-66
MERGED from [com.google.android.gms:play-services-iid:10.2.4] AndroidManifest.xml:21:5-66
	android:name
		ADDED from platforms\android\AndroidManifest.xml:4:22-64
application
ADDED from platforms\android\AndroidManifest.xml:5:5-47:19
MERGED from [com.android.support:support-v4:26.0.0-alpha1] AndroidManifest.xml:29:5-20
MERGED from [com.android.support:support-compat:26.0.0-alpha1] AndroidManifest.xml:29:5-20
MERGED from [com.android.support:support-media-compat:26.0.0-alpha1] AndroidManifest.xml:29:5-20
MERGED from [com.android.support:support-core-utils:26.0.0-alpha1] AndroidManifest.xml:29:5-20
MERGED from [com.android.support:support-core-ui:26.0.0-alpha1] AndroidManifest.xml:29:5-20
MERGED from [com.android.support:support-fragment:26.0.0-alpha1] AndroidManifest.xml:29:5-20
MERGED from [com.android.support:support-v13:23.4.0] AndroidManifest.xml:22:5-20
MERGED from [com.google.android.gms:play-services-gcm:10.2.4] AndroidManifest.xml:23:5-19
MERGED from [com.google.android.gms:play-services-base:10.2.4] AndroidManifest.xml:18:5-20:19
MERGED from [com.google.android.gms:play-services-basement:10.2.4] AndroidManifest.xml:19:5-21:19
MERGED from [com.google.android.gms:play-services-tasks:10.2.4] AndroidManifest.xml:4:5-19
MERGED from [com.google.android.gms:play-services-iid:10.2.4] AndroidManifest.xml:23:5-19
	android:label
		ADDED from platforms\android\AndroidManifest.xml:5:81-113
	android:supportsRtl
		ADDED from platforms\android\AndroidManifest.xml:5:114-140
	android:hardwareAccelerated
		ADDED from platforms\android\AndroidManifest.xml:5:18-52
	android:icon
		ADDED from platforms\android\AndroidManifest.xml:5:53-80
activity#com.alaredondaestablecimientos.app.MainActivity
ADDED from platforms\android\AndroidManifest.xml:6:9-11:20
	android:label
		ADDED from platforms\android\AndroidManifest.xml:6:97-134
	android:launchMode
		ADDED from platforms\android\AndroidManifest.xml:6:135-170
	android:windowSoftInputMode
		ADDED from platforms\android\AndroidManifest.xml:6:262-304
	android:configChanges
		ADDED from platforms\android\AndroidManifest.xml:6:19-96
	android:theme
		ADDED from platforms\android\AndroidManifest.xml:6:199-261
	android:name
		ADDED from platforms\android\AndroidManifest.xml:6:171-198
intent-filter#android.intent.action.MAIN+android.intent.category.LAUNCHER
ADDED from platforms\android\AndroidManifest.xml:7:13-10:29
	android:label
		ADDED from platforms\android\AndroidManifest.xml:7:28-65
action#android.intent.action.MAIN
ADDED from platforms\android\AndroidManifest.xml:8:17-69
	android:name
		ADDED from platforms\android\AndroidManifest.xml:8:25-66
category#android.intent.category.LAUNCHER
ADDED from platforms\android\AndroidManifest.xml:9:17-77
	android:name
		ADDED from platforms\android\AndroidManifest.xml:9:27-74
activity#com.sarriaroman.PhotoViewer.PhotoActivity
ADDED from platforms\android\AndroidManifest.xml:12:9-143
	android:theme
		ADDED from platforms\android\AndroidManifest.xml:12:76-140
	android:name
		ADDED from platforms\android\AndroidManifest.xml:12:19-75
service#de.appplant.cordova.plugin.background.ForegroundService
ADDED from platforms\android\AndroidManifest.xml:13:9-91
	android:name
		ADDED from platforms\android\AndroidManifest.xml:13:18-88
provider#android.support.v4.content.FileProvider
ADDED from platforms\android\AndroidManifest.xml:14:9-16:20
	android:authorities
		ADDED from platforms\android\AndroidManifest.xml:14:19-66
		INJECTED from platforms\android\AndroidManifest.xml
	android:grantUriPermissions
		ADDED from platforms\android\AndroidManifest.xml:14:92-126
	android:exported
		ADDED from platforms\android\AndroidManifest.xml:14:67-91
	android:name
		ADDED from platforms\android\AndroidManifest.xml:14:127-181
meta-data#android.support.FILE_PROVIDER_PATHS
ADDED from platforms\android\AndroidManifest.xml:15:13-116
	android:resource
		ADDED from platforms\android\AndroidManifest.xml:15:75-113
	android:name
		ADDED from platforms\android\AndroidManifest.xml:15:24-74
receiver#de.appplant.cordova.plugin.localnotification.TriggerReceiver
ADDED from platforms\android\AndroidManifest.xml:17:9-122
	android:exported
		ADDED from platforms\android\AndroidManifest.xml:17:19-43
	android:name
		ADDED from platforms\android\AndroidManifest.xml:17:44-119
receiver#de.appplant.cordova.plugin.localnotification.ClearReceiver
ADDED from platforms\android\AndroidManifest.xml:18:9-120
	android:exported
		ADDED from platforms\android\AndroidManifest.xml:18:19-43
	android:name
		ADDED from platforms\android\AndroidManifest.xml:18:44-117
activity#de.appplant.cordova.plugin.localnotification.ClickActivity
ADDED from platforms\android\AndroidManifest.xml:19:9-203
	android:launchMode
		ADDED from platforms\android\AndroidManifest.xml:19:44-79
	android:exported
		ADDED from platforms\android\AndroidManifest.xml:19:19-43
	android:theme
		ADDED from platforms\android\AndroidManifest.xml:19:154-200
	android:name
		ADDED from platforms\android\AndroidManifest.xml:19:80-153
receiver#de.appplant.cordova.plugin.notification.TriggerReceiver
ADDED from platforms\android\AndroidManifest.xml:20:9-117
	android:exported
		ADDED from platforms\android\AndroidManifest.xml:20:19-43
	android:name
		ADDED from platforms\android\AndroidManifest.xml:20:44-114
receiver#de.appplant.cordova.plugin.notification.ClearReceiver
ADDED from platforms\android\AndroidManifest.xml:21:9-115
	android:exported
		ADDED from platforms\android\AndroidManifest.xml:21:19-43
	android:name
		ADDED from platforms\android\AndroidManifest.xml:21:44-112
receiver#de.appplant.cordova.plugin.localnotification.RestoreReceiver
ADDED from platforms\android\AndroidManifest.xml:22:9-26:20
	android:exported
		ADDED from platforms\android\AndroidManifest.xml:22:19-43
	android:name
		ADDED from platforms\android\AndroidManifest.xml:22:44-119
intent-filter#android.intent.action.BOOT_COMPLETED
ADDED from platforms\android\AndroidManifest.xml:23:13-25:29
action#android.intent.action.BOOT_COMPLETED
ADDED from platforms\android\AndroidManifest.xml:24:17-79
	android:name
		ADDED from platforms\android\AndroidManifest.xml:24:25-76
activity#de.appplant.cordova.plugin.notification.ClickActivity
ADDED from platforms\android\AndroidManifest.xml:27:9-198
	android:launchMode
		ADDED from platforms\android\AndroidManifest.xml:27:44-79
	android:exported
		ADDED from platforms\android\AndroidManifest.xml:27:19-43
	android:theme
		ADDED from platforms\android\AndroidManifest.xml:27:149-195
	android:name
		ADDED from platforms\android\AndroidManifest.xml:27:80-148
activity#com.adobe.phonegap.push.PushHandlerActivity
ADDED from platforms\android\AndroidManifest.xml:28:9-173
	android:exported
		ADDED from platforms\android\AndroidManifest.xml:28:19-42
	android:permission
		ADDED from platforms\android\AndroidManifest.xml:28:102-170
		INJECTED from platforms\android\AndroidManifest.xml
	android:name
		ADDED from platforms\android\AndroidManifest.xml:28:43-101
receiver#com.adobe.phonegap.push.BackgroundActionButtonHandler
ADDED from platforms\android\AndroidManifest.xml:29:9-90
	android:name
		ADDED from platforms\android\AndroidManifest.xml:29:19-87
receiver#com.google.android.gms.gcm.GcmReceiver
ADDED from platforms\android\AndroidManifest.xml:30:9-35:20
	android:exported
		ADDED from platforms\android\AndroidManifest.xml:30:19-42
	android:permission
		ADDED from platforms\android\AndroidManifest.xml:30:97-157
	android:name
		ADDED from platforms\android\AndroidManifest.xml:30:43-96
intent-filter#${applicationId}+com.google.android.c2dm.intent.RECEIVE
ADDED from platforms\android\AndroidManifest.xml:31:13-34:29
action#com.google.android.c2dm.intent.RECEIVE
ADDED from platforms\android\AndroidManifest.xml:32:17-81
	android:name
		ADDED from platforms\android\AndroidManifest.xml:32:25-78
category#${applicationId}
ADDED from platforms\android\AndroidManifest.xml:33:17-61
	android:name
		ADDED from platforms\android\AndroidManifest.xml:33:27-58
		INJECTED from platforms\android\AndroidManifest.xml
service#com.adobe.phonegap.push.GCMIntentService
ADDED from platforms\android\AndroidManifest.xml:36:9-40:19
	android:exported
		ADDED from platforms\android\AndroidManifest.xml:36:18-42
	android:name
		ADDED from platforms\android\AndroidManifest.xml:36:43-98
intent-filter#com.google.android.c2dm.intent.RECEIVE
ADDED from platforms\android\AndroidManifest.xml:37:13-39:29
service#com.adobe.phonegap.push.PushInstanceIDListenerService
ADDED from platforms\android\AndroidManifest.xml:41:9-45:19
	android:exported
		ADDED from platforms\android\AndroidManifest.xml:41:18-42
	android:name
		ADDED from platforms\android\AndroidManifest.xml:41:43-111
intent-filter#com.google.android.gms.iid.InstanceID
ADDED from platforms\android\AndroidManifest.xml:42:13-44:29
action#com.google.android.gms.iid.InstanceID
ADDED from platforms\android\AndroidManifest.xml:43:17-80
	android:name
		ADDED from platforms\android\AndroidManifest.xml:43:25-77
service#com.adobe.phonegap.push.RegistrationIntentService
ADDED from platforms\android\AndroidManifest.xml:46:9-110
	android:exported
		ADDED from platforms\android\AndroidManifest.xml:46:18-42
	android:name
		ADDED from platforms\android\AndroidManifest.xml:46:43-107
uses-sdk
ADDED from platforms\android\AndroidManifest.xml:48:5-101
MERGED from [com.commit451:PhotoView:1.2.4] AndroidManifest.xml:8:5-10:41
MERGED from [com.android.support:support-v4:26.0.0-alpha1] AndroidManifest.xml:21:5-23:54
MERGED from [com.android.support:support-compat:26.0.0-alpha1] AndroidManifest.xml:21:5-23:58
MERGED from [com.android.support:support-media-compat:26.0.0-alpha1] AndroidManifest.xml:21:5-23:63
MERGED from [com.android.support:support-core-utils:26.0.0-alpha1] AndroidManifest.xml:21:5-23:61
MERGED from [com.android.support:support-core-ui:26.0.0-alpha1] AndroidManifest.xml:21:5-23:58
MERGED from [com.android.support:support-fragment:26.0.0-alpha1] AndroidManifest.xml:21:5-23:60
MERGED from [com.android.support:support-v13:23.4.0] AndroidManifest.xml:20:5-44
MERGED from [com.google.android.gms:play-services-gcm:10.2.4] AndroidManifest.xml:17:5-43
MERGED from [com.google.android.gms:play-services-base:10.2.4] AndroidManifest.xml:17:5-43
MERGED from [com.google.android.gms:play-services-basement:10.2.4] AndroidManifest.xml:17:5-43
MERGED from [com.google.android.gms:play-services-tasks:10.2.4] AndroidManifest.xml:3:5-43
MERGED from [com.google.android.gms:play-services-iid:10.2.4] AndroidManifest.xml:17:5-43
MERGED from [me.leolin:ShortcutBadger:1.1.12] AndroidManifest.xml:7:5-9:41
MERGED from [org.xwalk:xwalk_core_library:23.53.589.4] AndroidManifest.xml:6:5-8:41
MERGED from [android:CordovaLib:unspecified:release] AndroidManifest.xml:25:5-44
	tools:overrideLibrary
		ADDED from [com.android.support:support-v4:26.0.0-alpha1] AndroidManifest.xml:23:9-51
	android:maxSdkVersion
		ADDED from platforms\android\AndroidManifest.xml:48:15-41
	android:targetSdkVersion
		ADDED from platforms\android\AndroidManifest.xml:48:69-98
	android:minSdkVersion
		ADDED from platforms\android\AndroidManifest.xml:48:42-68
		INJECTED from platforms\android\AndroidManifest.xml
		INJECTED from platforms\android\AndroidManifest.xml
uses-permission#android.permission.WRITE_EXTERNAL_STORAGE
ADDED from platforms\android\AndroidManifest.xml:49:5-81
	android:name
		ADDED from platforms\android\AndroidManifest.xml:49:22-78
uses-permission#android.permission.READ_EXTERNAL_STORAGE
ADDED from platforms\android\AndroidManifest.xml:50:5-80
	android:name
		ADDED from platforms\android\AndroidManifest.xml:50:22-77
uses-permission#android.permission.WAKE_LOCK
ADDED from platforms\android\AndroidManifest.xml:51:5-68
	android:name
		ADDED from platforms\android\AndroidManifest.xml:51:22-65
uses-permission#android.permission.ACCESS_NETWORK_STATE
ADDED from platforms\android\AndroidManifest.xml:52:5-79
	android:name
		ADDED from platforms\android\AndroidManifest.xml:52:22-76
uses-permission#android.permission.ACCESS_WIFI_STATE
ADDED from platforms\android\AndroidManifest.xml:53:5-76
	android:name
		ADDED from platforms\android\AndroidManifest.xml:53:22-73
uses-permission#android.permission.VIBRATE
ADDED from platforms\android\AndroidManifest.xml:54:5-66
	android:name
		ADDED from platforms\android\AndroidManifest.xml:54:22-63
uses-permission#android.permission.RECEIVE_BOOT_COMPLETED
ADDED from platforms\android\AndroidManifest.xml:55:5-81
	android:name
		ADDED from platforms\android\AndroidManifest.xml:55:22-78
uses-permission#com.google.android.c2dm.permission.RECEIVE
ADDED from platforms\android\AndroidManifest.xml:56:5-82
MERGED from [com.google.android.gms:play-services-gcm:10.2.4] AndroidManifest.xml:20:5-81
MERGED from [com.google.android.gms:play-services-iid:10.2.4] AndroidManifest.xml:20:5-81
	android:name
		ADDED from platforms\android\AndroidManifest.xml:56:22-79
uses-permission#${applicationId}.permission.C2D_MESSAGE
ADDED from platforms\android\AndroidManifest.xml:57:5-79
	android:name
		ADDED from platforms\android\AndroidManifest.xml:57:22-76
		INJECTED from platforms\android\AndroidManifest.xml
uses-permission#${applicationId}.permission.PushHandlerActivity
ADDED from platforms\android\AndroidManifest.xml:58:5-87
	android:name
		ADDED from platforms\android\AndroidManifest.xml:58:22-84
		INJECTED from platforms\android\AndroidManifest.xml
permission#${applicationId}.permission.C2D_MESSAGE
ADDED from platforms\android\AndroidManifest.xml:59:5-110
	android:protectionLevel
		ADDED from platforms\android\AndroidManifest.xml:59:72-107
	android:name
		ADDED from platforms\android\AndroidManifest.xml:59:17-71
		INJECTED from platforms\android\AndroidManifest.xml
permission#${applicationId}.permission.PushHandlerActivity
ADDED from platforms\android\AndroidManifest.xml:60:5-118
	android:protectionLevel
		ADDED from platforms\android\AndroidManifest.xml:60:80-115
	android:name
		ADDED from platforms\android\AndroidManifest.xml:60:17-79
		INJECTED from platforms\android\AndroidManifest.xml
meta-data#android.support.VERSION
ADDED from [com.android.support:support-v4:26.0.0-alpha1] AndroidManifest.xml:25:5-27:41
MERGED from [com.android.support:support-compat:26.0.0-alpha1] AndroidManifest.xml:25:5-27:41
MERGED from [com.android.support:support-media-compat:26.0.0-alpha1] AndroidManifest.xml:25:5-27:41
MERGED from [com.android.support:support-core-utils:26.0.0-alpha1] AndroidManifest.xml:25:5-27:41
MERGED from [com.android.support:support-core-ui:26.0.0-alpha1] AndroidManifest.xml:25:5-27:41
MERGED from [com.android.support:support-fragment:26.0.0-alpha1] AndroidManifest.xml:25:5-27:41
	android:value
		ADDED from [com.android.support:support-v4:26.0.0-alpha1] AndroidManifest.xml:27:9-38
	android:name
		ADDED from [com.android.support:support-v4:26.0.0-alpha1] AndroidManifest.xml:26:9-47
activity#com.google.android.gms.common.api.GoogleApiActivity
ADDED from [com.google.android.gms:play-services-base:10.2.4] AndroidManifest.xml:19:9-172
	android:exported
		ADDED from [com.google.android.gms:play-services-base:10.2.4] AndroidManifest.xml:19:146-170
	android:theme
		ADDED from [com.google.android.gms:play-services-base:10.2.4] AndroidManifest.xml:19:86-145
	android:name
		ADDED from [com.google.android.gms:play-services-base:10.2.4] AndroidManifest.xml:19:19-85
meta-data#com.google.android.gms.version
ADDED from [com.google.android.gms:play-services-basement:10.2.4] AndroidManifest.xml:20:9-121
	android:value
		ADDED from [com.google.android.gms:play-services-basement:10.2.4] AndroidManifest.xml:20:66-119
	android:name
		ADDED from [com.google.android.gms:play-services-basement:10.2.4] AndroidManifest.xml:20:20-65
uses-permission#com.sec.android.provider.badge.permission.READ
ADDED from [me.leolin:ShortcutBadger:1.1.12] AndroidManifest.xml:19:5-86
	android:name
		ADDED from [me.leolin:ShortcutBadger:1.1.12] AndroidManifest.xml:19:22-83
uses-permission#com.sec.android.provider.badge.permission.WRITE
ADDED from [me.leolin:ShortcutBadger:1.1.12] AndroidManifest.xml:20:5-87
	android:name
		ADDED from [me.leolin:ShortcutBadger:1.1.12] AndroidManifest.xml:20:22-84
uses-permission#com.htc.launcher.permission.READ_SETTINGS
ADDED from [me.leolin:ShortcutBadger:1.1.12] AndroidManifest.xml:23:5-81
	android:name
		ADDED from [me.leolin:ShortcutBadger:1.1.12] AndroidManifest.xml:23:22-78
uses-permission#com.htc.launcher.permission.UPDATE_SHORTCUT
ADDED from [me.leolin:ShortcutBadger:1.1.12] AndroidManifest.xml:24:5-83
	android:name
		ADDED from [me.leolin:ShortcutBadger:1.1.12] AndroidManifest.xml:24:22-80
uses-permission#com.sonyericsson.home.permission.BROADCAST_BADGE
ADDED from [me.leolin:ShortcutBadger:1.1.12] AndroidManifest.xml:27:5-88
	android:name
		ADDED from [me.leolin:ShortcutBadger:1.1.12] AndroidManifest.xml:27:22-85
uses-permission#com.sonymobile.home.permission.PROVIDER_INSERT_BADGE
ADDED from [me.leolin:ShortcutBadger:1.1.12] AndroidManifest.xml:28:5-92
	android:name
		ADDED from [me.leolin:ShortcutBadger:1.1.12] AndroidManifest.xml:28:22-89
uses-permission#com.anddoes.launcher.permission.UPDATE_COUNT
ADDED from [me.leolin:ShortcutBadger:1.1.12] AndroidManifest.xml:31:5-84
	android:name
		ADDED from [me.leolin:ShortcutBadger:1.1.12] AndroidManifest.xml:31:22-81
uses-permission#com.majeur.launcher.permission.UPDATE_BADGE
ADDED from [me.leolin:ShortcutBadger:1.1.12] AndroidManifest.xml:34:5-83
	android:name
		ADDED from [me.leolin:ShortcutBadger:1.1.12] AndroidManifest.xml:34:22-80
uses-permission#com.huawei.android.launcher.permission.CHANGE_BADGE
ADDED from [me.leolin:ShortcutBadger:1.1.12] AndroidManifest.xml:37:5-91
	android:name
		ADDED from [me.leolin:ShortcutBadger:1.1.12] AndroidManifest.xml:37:22-88
uses-permission#com.huawei.android.launcher.permission.READ_SETTINGS
ADDED from [me.leolin:ShortcutBadger:1.1.12] AndroidManifest.xml:38:5-92
	android:name
		ADDED from [me.leolin:ShortcutBadger:1.1.12] AndroidManifest.xml:38:22-89
uses-permission#com.huawei.android.launcher.permission.WRITE_SETTINGS
ADDED from [me.leolin:ShortcutBadger:1.1.12] AndroidManifest.xml:39:5-93
	android:name
		ADDED from [me.leolin:ShortcutBadger:1.1.12] AndroidManifest.xml:39:22-90
uses-permission#android.permission.READ_APP_BADGE
ADDED from [me.leolin:ShortcutBadger:1.1.12] AndroidManifest.xml:42:5-73
	android:name
		ADDED from [me.leolin:ShortcutBadger:1.1.12] AndroidManifest.xml:42:22-70
uses-permission#com.oppo.launcher.permission.READ_SETTINGS
ADDED from [me.leolin:ShortcutBadger:1.1.12] AndroidManifest.xml:45:5-82
	android:name
		ADDED from [me.leolin:ShortcutBadger:1.1.12] AndroidManifest.xml:45:22-79
uses-permission#com.oppo.launcher.permission.WRITE_SETTINGS
ADDED from [me.leolin:ShortcutBadger:1.1.12] AndroidManifest.xml:46:5-83
	android:name
		ADDED from [me.leolin:ShortcutBadger:1.1.12] AndroidManifest.xml:46:22-80